1c:6f:65:a0:61:7e
a8:20:66:50:e9:17
a8:20:66:50:e9:17
a8:20:66:50:e9:17
1c:6f:65:a0:61:7e
60:02:92:b3:48:25
60:02:92:b3:48:25
fc:aa:14:07:d8:0d
fc:aa:14:07:d8:0d
fc:aa:14:07:d8:0d
fc:aa:14:07:d8:0d
60:02:92:b3:48:25
60:02:92:b3:48:25
e8:de:27:a7:91:0a
e8:de:27:06:86:d0
a8:20:66:50:e9:17
a8:20:66:50:e9:17
a8:20:66:50:e9:17
1c:6f:65:a0:61:7e
e8:de:27:a7:91:0a
60:02:92:b3:48:25
e8:de:27:06:86:d0
a8:20:66:50:e9:17
a8:20:66:50:e9:17
fc:aa:14:07:d8:0d
1c:6f:65:a0:61:7e
dc:9f:db:16:60:5f
e8:de:27:06:86:d0
<incomplete>     
a8:20:66:50:e9:17
<incomplete>     
fc:aa:14:07:d8:0d
e8:de:27:a7:91:0a
dc:9f:db:16:60:62
a8:20:66:50:e9:17
60:02:92:b3:48:25
18:9c:5d:f7:b2:ef
a8:20:66:50:e9:17
74:27:ea:4a:67:68
